07:54:23.542 [main] INFO  testCases.TC_001_AccountRegistrationTest - ***  Starting TC_001_AccountRegistrationTest ***
07:54:23.802 [main] INFO  testCases.TC_001_AccountRegistrationTest - Clicked on My account link
07:54:24.598 [main] INFO  testCases.TC_001_AccountRegistrationTest - Clicked on register link
07:54:24.605 [main] INFO  testCases.TC_001_AccountRegistrationTest - Providing customer data
07:54:28.918 [main] INFO  testCases.TC_001_AccountRegistrationTest - Clicked on continue
07:54:28.983 [main] INFO  testCases.TC_001_AccountRegistrationTest - Validating expected message
07:54:28.983 [main] INFO  testCases.TC_001_AccountRegistrationTest - ***  Finished TC_001_AccountRegistrationTest ***
07:56:31.694 [main] DEBUG io.netty.util.internal.logging.InternalLoggerFactory - Using Log4J2 as the default logging framework
07:56:31.705 [main] DEBUG io.netty.util.ResourceLeakDetector - -Dio.netty.leakDetection.level: simple
07:56:31.705 [main] DEBUG io.netty.util.ResourceLeakDetector - -Dio.netty.leakDetection.targetRecords: 4
07:56:31.711 [main] DEBUG io.netty.util.ResourceLeakDetectorFactory - Loaded default ResourceLeakDetector: io.netty.util.ResourceLeakDetector@6df3e44c
07:56:31.743 [main] DEBUG io.netty.util.internal.PlatformDependent0 - -Dio.netty.noUnsafe: false
07:56:31.744 [main] DEBUG io.netty.util.internal.PlatformDependent0 - Java version: 17
07:56:31.745 [main] DEBUG io.netty.util.internal.PlatformDependent0 - sun.misc.Unsafe.theUnsafe: available
07:56:31.746 [main] DEBUG io.netty.util.internal.PlatformDependent0 - sun.misc.Unsafe.copyMemory: available
07:56:31.747 [main] DEBUG io.netty.util.internal.PlatformDependent0 - sun.misc.Unsafe.storeFence: available
07:56:31.748 [main] DEBUG io.netty.util.internal.PlatformDependent0 - java.nio.Buffer.address: available
07:56:31.749 [main] DEBUG io.netty.util.internal.PlatformDependent0 - direct buffer constructor: unavailable: Reflective setAccessible(true) disabled
07:56:31.750 [main] DEBUG io.netty.util.internal.PlatformDependent0 - java.nio.Bits.unaligned: available, true
07:56:31.752 [main] DEBUG io.netty.util.internal.PlatformDependent0 - jdk.internal.misc.Unsafe.allocateUninitializedArray(int): unavailable: class io.netty.util.internal.PlatformDependent0$7 cannot access class jdk.internal.misc.Unsafe (in module java.base) because module java.base does not export jdk.internal.misc to unnamed module @3551a94
07:56:31.755 [main] DEBUG io.netty.util.internal.PlatformDependent0 - java.nio.DirectByteBuffer.<init>(long, int): unavailable
07:56:31.756 [main] DEBUG io.netty.util.internal.PlatformDependent - sun.misc.Unsafe: available
07:56:31.758 [main] DEBUG io.netty.util.internal.PlatformDependent - maxDirectMemory: 1610612736 bytes (maybe)
07:56:31.758 [main] DEBUG io.netty.util.internal.PlatformDependent - -Dio.netty.tmpdir: C:\Users\pavan\AppData\Local\Temp (java.io.tmpdir)
07:56:31.758 [main] DEBUG io.netty.util.internal.PlatformDependent - -Dio.netty.bitMode: 64 (sun.arch.data.model)
07:56:31.759 [main] DEBUG io.netty.util.internal.PlatformDependent - Platform: Windows
07:56:31.759 [main] DEBUG io.netty.util.internal.PlatformDependent - -Dio.netty.maxDirectMemory: -1 bytes
07:56:31.760 [main] DEBUG io.netty.util.internal.PlatformDependent - -Dio.netty.uninitializedArrayAllocationThreshold: -1
07:56:31.762 [main] DEBUG io.netty.util.internal.CleanerJava9 - java.nio.ByteBuffer.cleaner(): available
07:56:31.762 [main] DEBUG io.netty.util.internal.PlatformDependent - -Dio.netty.noPreferDirect: false
07:56:31.774 [main] DEBUG io.netty.util.internal.PlatformDependent - org.jctools-core.MpscChunkedArrayQueue: available
07:56:31.802 [main] DEBUG io.netty.util.internal.InternalThreadLocalMap - -Dio.netty.threadLocalMap.stringBuilder.initialSize: 1024
07:56:31.803 [main] DEBUG io.netty.util.internal.InternalThreadLocalMap - -Dio.netty.threadLocalMap.stringBuilder.maxSize: 4096
07:56:31.878 [main] DEBUG io.netty.handler.ssl.JdkSslContext - Default protocols (JDK): [TLSv1.3, TLSv1.2] 
07:56:31.878 [main] DEBUG io.netty.handler.ssl.JdkSslContext - Default cipher suites (JDK): [TLS_ECDHE_ECDSA_WITH_AES_256_GCM_SHA384, TLS_ECDHE_ECDSA_WITH_AES_128_GCM_SHA256, TLS_ECDHE_RSA_WITH_AES_128_GCM_SHA256, TLS_ECDHE_RSA_WITH_AES_256_GCM_SHA384, TLS_ECDHE_RSA_WITH_AES_128_CBC_SHA, TLS_ECDHE_RSA_WITH_AES_256_CBC_SHA, TLS_RSA_WITH_AES_128_GCM_SHA256, TLS_RSA_WITH_AES_128_CBC_SHA, TLS_RSA_WITH_AES_256_CBC_SHA, TLS_AES_128_GCM_SHA256, TLS_AES_256_GCM_SHA384]
07:56:31.918 [main] DEBUG io.netty.channel.MultithreadEventLoopGroup - -Dio.netty.eventLoopThreads: 8
07:56:31.929 [main] DEBUG io.netty.channel.nio.NioEventLoop - -Dio.netty.noKeySetOptimization: false
07:56:31.929 [main] DEBUG io.netty.channel.nio.NioEventLoop - -Dio.netty.selectorAutoRebuildThreshold: 512
07:56:31.975 [main] DEBUG io.netty.buffer.PooledByteBufAllocator - -Dio.netty.allocator.numHeapArenas: 8
07:56:31.976 [main] DEBUG io.netty.buffer.PooledByteBufAllocator - -Dio.netty.allocator.numDirectArenas: 8
07:56:31.976 [main] DEBUG io.netty.buffer.PooledByteBufAllocator - -Dio.netty.allocator.pageSize: 8192
07:56:31.976 [main] DEBUG io.netty.buffer.PooledByteBufAllocator - -Dio.netty.allocator.maxOrder: 9
07:56:31.976 [main] DEBUG io.netty.buffer.PooledByteBufAllocator - -Dio.netty.allocator.chunkSize: 4194304
07:56:31.976 [main] DEBUG io.netty.buffer.PooledByteBufAllocator - -Dio.netty.allocator.smallCacheSize: 256
07:56:31.976 [main] DEBUG io.netty.buffer.PooledByteBufAllocator - -Dio.netty.allocator.normalCacheSize: 64
07:56:31.976 [main] DEBUG io.netty.buffer.PooledByteBufAllocator - -Dio.netty.allocator.maxCachedBufferCapacity: 32768
07:56:31.976 [main] DEBUG io.netty.buffer.PooledByteBufAllocator - -Dio.netty.allocator.cacheTrimInterval: 8192
07:56:31.977 [main] DEBUG io.netty.buffer.PooledByteBufAllocator - -Dio.netty.allocator.cacheTrimIntervalMillis: 0
07:56:31.977 [main] DEBUG io.netty.buffer.PooledByteBufAllocator - -Dio.netty.allocator.useCacheForAllThreads: false
07:56:31.977 [main] DEBUG io.netty.buffer.PooledByteBufAllocator - -Dio.netty.allocator.maxCachedByteBuffersPerChunk: 1023
07:56:31.993 [main] DEBUG io.netty.buffer.ByteBufUtil - -Dio.netty.allocator.type: pooled
07:56:31.994 [main] DEBUG io.netty.buffer.ByteBufUtil - -Dio.netty.threadLocalDirectBufferSize: 0
07:56:31.994 [main] DEBUG io.netty.buffer.ByteBufUtil - -Dio.netty.maxThreadLocalCharBufferSize: 16384
07:56:32.551 [Forwarding newSession on session null to remote] DEBUG io.netty.channel.DefaultChannelId - -Dio.netty.processId: 10244 (auto-detected)
07:56:32.553 [Forwarding newSession on session null to remote] DEBUG io.netty.util.NetUtil - -Djava.net.preferIPv4Stack: false
07:56:32.554 [Forwarding newSession on session null to remote] DEBUG io.netty.util.NetUtil - -Djava.net.preferIPv6Addresses: false
07:56:32.626 [Forwarding newSession on session null to remote] DEBUG io.netty.util.NetUtilInitializations - Loopback interface: lo (Software Loopback Interface 1, 127.0.0.1)
07:56:32.628 [Forwarding newSession on session null to remote] DEBUG io.netty.util.NetUtil - Failed to get SOMAXCONN from sysctl and file \proc\sys\net\core\somaxconn. Default: 200
07:56:32.667 [Forwarding newSession on session null to remote] DEBUG io.netty.channel.DefaultChannelId - -Dio.netty.machineId: 00:1c:42:ff:fe:5c:a4:7a (auto-detected)
07:56:32.761 [AsyncHttpClient-1-2] DEBUG io.netty.buffer.AbstractByteBuf - -Dio.netty.buffer.checkAccessible: true
07:56:32.761 [AsyncHttpClient-1-2] DEBUG io.netty.buffer.AbstractByteBuf - -Dio.netty.buffer.checkBounds: true
07:56:32.762 [AsyncHttpClient-1-2] DEBUG io.netty.util.ResourceLeakDetectorFactory - Loaded default ResourceLeakDetector: io.netty.util.ResourceLeakDetector@3ba1005
07:56:32.824 [AsyncHttpClient-1-2] DEBUG io.netty.util.Recycler - -Dio.netty.recycler.maxCapacityPerThread: 4096
07:56:32.825 [AsyncHttpClient-1-2] DEBUG io.netty.util.Recycler - -Dio.netty.recycler.ratio: 8
07:56:32.825 [AsyncHttpClient-1-2] DEBUG io.netty.util.Recycler - -Dio.netty.recycler.chunkSize: 32
07:56:32.825 [AsyncHttpClient-1-2] DEBUG io.netty.util.Recycler - -Dio.netty.recycler.blocking: false
07:56:34.231 [AsyncHttpClient-1-2] DEBUG io.netty.handler.codec.compression.Brotli - brotli4j not in the classpath; Brotli support will be unavailable.
07:56:34.526 [main] DEBUG io.netty.util.internal.ThreadLocalRandom - -Dio.netty.initialSeedUniquifier: 0x44355ec9ad2d21d7
07:56:36.177 [main] DEBUG testCases.TC_001_AccountRegistrationTest - application logs......
07:56:36.178 [main] INFO  testCases.TC_001_AccountRegistrationTest - ***  Starting TC_001_AccountRegistrationTest ***
07:56:36.647 [main] INFO  testCases.TC_001_AccountRegistrationTest - Clicked on My account link
07:56:37.348 [main] INFO  testCases.TC_001_AccountRegistrationTest - Clicked on register link
07:56:37.355 [main] INFO  testCases.TC_001_AccountRegistrationTest - Providing customer data
07:56:41.930 [main] INFO  testCases.TC_001_AccountRegistrationTest - Clicked on continue
07:56:41.995 [main] INFO  testCases.TC_001_AccountRegistrationTest - Validating expected message
07:56:41.995 [main] INFO  testCases.TC_001_AccountRegistrationTest - ***  Finished TC_001_AccountRegistrationTest ***
08:02:22.476 [main] INFO  testCases.TC_001_AccountRegistrationTest - ***  Starting TC_001_AccountRegistrationTest ***
08:02:22.662 [main] INFO  testCases.TC_001_AccountRegistrationTest - Clicked on My account link
08:02:23.393 [main] INFO  testCases.TC_001_AccountRegistrationTest - Clicked on register link
08:02:23.400 [main] INFO  testCases.TC_001_AccountRegistrationTest - Providing customer data
08:02:27.809 [main] INFO  testCases.TC_001_AccountRegistrationTest - Clicked on continue
08:02:27.881 [main] INFO  testCases.TC_001_AccountRegistrationTest - Validating expected message
08:02:27.881 [main] INFO  testCases.TC_001_AccountRegistrationTest - ***  Finished TC_001_AccountRegistrationTest ***
08:07:29.646 [main] INFO  testCases.TC_001_AccountRegistrationTest - ***  Starting TC_001_AccountRegistrationTest ***
08:07:29.948 [main] INFO  testCases.TC_001_AccountRegistrationTest - Clicked on My account link
08:07:30.644 [main] INFO  testCases.TC_001_AccountRegistrationTest - Clicked on register link
08:07:30.650 [main] INFO  testCases.TC_001_AccountRegistrationTest - Providing customer data
08:07:34.858 [main] INFO  testCases.TC_001_AccountRegistrationTest - Clicked on continue
08:07:34.940 [main] INFO  testCases.TC_001_AccountRegistrationTest - Validating expected message
08:07:34.940 [main] INFO  testCases.TC_001_AccountRegistrationTest - ***  Finished TC_001_AccountRegistrationTest ***
08:09:07.868 [main] INFO  testCases.TC_001_AccountRegistrationTest - ***  Starting TC_001_AccountRegistrationTest ***
08:09:08.323 [main] INFO  testCases.TC_001_AccountRegistrationTest - Clicked on My account link
08:09:08.994 [main] INFO  testCases.TC_001_AccountRegistrationTest - Clicked on register link
08:09:09.000 [main] INFO  testCases.TC_001_AccountRegistrationTest - Providing customer data
08:09:13.134 [main] INFO  testCases.TC_001_AccountRegistrationTest - Clicked on continue
08:09:13.213 [main] INFO  testCases.TC_001_AccountRegistrationTest - Validating expected message
08:09:13.216 [main] INFO  testCases.TC_001_AccountRegistrationTest - ***  Finished TC_001_AccountRegistrationTest ***
08:10:00.705 [main] INFO  testCases.TC_001_AccountRegistrationTest - ***  Starting TC_001_AccountRegistrationTest ***
08:10:00.949 [main] INFO  testCases.TC_001_AccountRegistrationTest - Clicked on My account link
08:10:01.539 [main] INFO  testCases.TC_001_AccountRegistrationTest - Clicked on register link
08:10:01.546 [main] INFO  testCases.TC_001_AccountRegistrationTest - Providing customer data
08:10:05.687 [main] INFO  testCases.TC_001_AccountRegistrationTest - Clicked on continue
08:10:05.790 [main] INFO  testCases.TC_001_AccountRegistrationTest - Validating expected message
08:10:05.794 [main] INFO  testCases.TC_001_AccountRegistrationTest - ***  Finished TC_001_AccountRegistrationTest ***
08:12:39.038 [main] INFO  testCases.TC_001_AccountRegistrationTest - ***  Starting TC_001_AccountRegistrationTest ***
08:12:39.632 [main] INFO  testCases.TC_001_AccountRegistrationTest - Clicked on My account link
08:12:40.696 [main] INFO  testCases.TC_001_AccountRegistrationTest - Clicked on register link
08:12:40.702 [main] INFO  testCases.TC_001_AccountRegistrationTest - Providing customer data
08:12:51.652 [main] ERROR testCases.TC_001_AccountRegistrationTest - test failed
08:14:13.869 [main] INFO  testCases.TC_001_AccountRegistrationTest - ***  Starting TC_001_AccountRegistrationTest ***
08:14:14.440 [main] INFO  testCases.TC_001_AccountRegistrationTest - Clicked on My account link
08:14:15.565 [main] INFO  testCases.TC_001_AccountRegistrationTest - Clicked on register link
08:14:15.571 [main] INFO  testCases.TC_001_AccountRegistrationTest - Providing customer data
08:14:26.415 [main] ERROR testCases.TC_001_AccountRegistrationTest - test failed
07:11:03.508 [main] INFO  testCases.TC_001_AccountRegistrationTest - ***  Starting TC_001_AccountRegistrationTest ***
07:11:03.775 [main] INFO  testCases.TC_001_AccountRegistrationTest - Clicked on My account link
07:11:05.031 [main] INFO  testCases.TC_001_AccountRegistrationTest - Clicked on register link
07:11:05.036 [main] INFO  testCases.TC_001_AccountRegistrationTest - Providing customer data
07:11:09.541 [main] INFO  testCases.TC_001_AccountRegistrationTest - Clicked on continue
07:11:09.646 [main] INFO  testCases.TC_001_AccountRegistrationTest - Validating expected message
07:11:09.649 [main] INFO  testCases.TC_001_AccountRegistrationTest - ***  Finished TC_001_AccountRegistrationTest ***
07:21:24.664 [main] INFO  testCases.TC_001_AccountRegistrationTest - ***  Starting TC_001_AccountRegistrationTest ***
07:21:24.824 [main] INFO  testCases.TC_001_AccountRegistrationTest - Clicked on My account link
07:21:25.339 [main] INFO  testCases.TC_001_AccountRegistrationTest - Clicked on register link
07:21:25.345 [main] INFO  testCases.TC_001_AccountRegistrationTest - Providing customer data
07:21:29.010 [main] INFO  testCases.TC_001_AccountRegistrationTest - Clicked on continue
07:21:29.068 [main] INFO  testCases.TC_001_AccountRegistrationTest - Validating expected message
07:21:29.068 [main] INFO  testCases.TC_001_AccountRegistrationTest - ***  Finished TC_001_AccountRegistrationTest ***
07:21:47.194 [main] INFO  testCases.TC_001_AccountRegistrationTest - ***  Starting TC_001_AccountRegistrationTest ***
07:21:47.347 [main] INFO  testCases.TC_001_AccountRegistrationTest - Clicked on My account link
07:21:47.742 [main] INFO  testCases.TC_001_AccountRegistrationTest - Clicked on register link
07:21:47.747 [main] INFO  testCases.TC_001_AccountRegistrationTest - Providing customer data
07:21:50.696 [main] INFO  testCases.TC_001_AccountRegistrationTest - Clicked on continue
07:21:50.751 [main] INFO  testCases.TC_001_AccountRegistrationTest - Validating expected message
07:21:50.754 [main] INFO  testCases.TC_001_AccountRegistrationTest - ***  Finished TC_001_AccountRegistrationTest ***
07:25:54.210 [TestNG-tests-1] INFO  testCases.TC_001_AccountRegistrationTest - ***  Starting TC_001_AccountRegistrationTest ***
07:25:54.703 [TestNG-tests-2] INFO  testCases.TC_001_AccountRegistrationTest - ***  Starting TC_001_AccountRegistrationTest ***
07:25:54.798 [TestNG-tests-1] INFO  testCases.TC_001_AccountRegistrationTest - Clicked on My account link
07:25:54.873 [TestNG-tests-2] INFO  testCases.TC_001_AccountRegistrationTest - Clicked on My account link
07:25:55.313 [TestNG-tests-2] INFO  testCases.TC_001_AccountRegistrationTest - Clicked on register link
07:25:55.328 [TestNG-tests-2] INFO  testCases.TC_001_AccountRegistrationTest - Providing customer data
07:25:55.825 [TestNG-tests-1] INFO  testCases.TC_001_AccountRegistrationTest - Clicked on register link
07:25:55.833 [TestNG-tests-1] INFO  testCases.TC_001_AccountRegistrationTest - Providing customer data
07:25:59.104 [TestNG-tests-2] INFO  testCases.TC_001_AccountRegistrationTest - Clicked on continue
07:25:59.144 [TestNG-tests-2] INFO  testCases.TC_001_AccountRegistrationTest - Validating expected message
07:25:59.148 [TestNG-tests-2] INFO  testCases.TC_001_AccountRegistrationTest - ***  Finished TC_001_AccountRegistrationTest ***
07:25:59.966 [TestNG-tests-1] INFO  testCases.TC_001_AccountRegistrationTest - Clicked on continue
07:26:00.021 [TestNG-tests-1] INFO  testCases.TC_001_AccountRegistrationTest - Validating expected message
07:26:00.021 [TestNG-tests-1] INFO  testCases.TC_001_AccountRegistrationTest - ***  Finished TC_001_AccountRegistrationTest ***
07:40:11.690 [main] INFO  testCases.TC_001_AccountRegistrationTest - ***  Starting TC_001_AccountRegistrationTest ***
07:40:11.970 [main] INFO  testCases.TC_001_AccountRegistrationTest - Clicked on My account link
07:40:12.575 [main] INFO  testCases.TC_001_AccountRegistrationTest - Clicked on register link
07:40:12.590 [main] INFO  testCases.TC_001_AccountRegistrationTest - Providing customer data
07:40:16.199 [main] INFO  testCases.TC_001_AccountRegistrationTest - Clicked on continue
07:40:16.257 [main] INFO  testCases.TC_001_AccountRegistrationTest - Validating expected message
07:40:16.257 [main] INFO  testCases.TC_001_AccountRegistrationTest - ***  Finished TC_001_AccountRegistrationTest ***
08:17:13.626 [main] INFO  testCases.TC_001_AccountRegistrationTest - ***  Starting TC_001_AccountRegistrationTest ***
08:17:13.787 [main] INFO  testCases.TC_001_AccountRegistrationTest - Clicked on My account link
08:17:14.354 [main] INFO  testCases.TC_001_AccountRegistrationTest - Clicked on register link
08:17:14.361 [main] INFO  testCases.TC_001_AccountRegistrationTest - Providing customer data
08:17:17.960 [main] INFO  testCases.TC_001_AccountRegistrationTest - Clicked on continue
08:17:18.021 [main] INFO  testCases.TC_001_AccountRegistrationTest - Validating expected message
08:17:18.021 [main] INFO  testCases.TC_001_AccountRegistrationTest - ***  Finished TC_001_AccountRegistrationTest ***
08:18:49.341 [main] INFO  testCases.TC_001_AccountRegistrationTest - ***  Starting TC_001_AccountRegistrationTest ***
08:18:49.533 [main] INFO  testCases.TC_001_AccountRegistrationTest - Clicked on My account link
08:18:50.040 [main] INFO  testCases.TC_001_AccountRegistrationTest - Clicked on register link
08:18:50.045 [main] INFO  testCases.TC_001_AccountRegistrationTest - Providing customer data
08:18:51.318 [main] INFO  testCases.TC_001_AccountRegistrationTest - Clicked on continue
08:19:01.382 [main] INFO  testCases.TC_001_AccountRegistrationTest - Validating expected message
07:34:01.799 [main] INFO  testCases.TC_002_LoginTest - **** Starting TC_OO2_LoginTest *****
07:34:02.010 [main] INFO  testCases.TC_002_LoginTest - Clicked on My Account
07:34:02.415 [main] INFO  testCases.TC_002_LoginTest - Clicked on Login Link
07:34:02.418 [main] INFO  testCases.TC_002_LoginTest - Providing login details
07:34:03.263 [main] INFO  testCases.TC_002_LoginTest - clicked on Login button
07:34:03.349 [main] INFO  testCases.TC_002_LoginTest - **** Finished TC_002_LoginTest *****
08:23:54.847 [main] INFO  testCases.TC_003_LoginDDT - *** Starting TC_003_LoginDDT******
08:23:57.292 [main] INFO  testCases.TC_003_LoginDDT - *** Finished TC_003_LoginDDT******
08:23:57.338 [main] INFO  testCases.TC_003_LoginDDT - *** Starting TC_003_LoginDDT******
08:24:08.692 [main] INFO  testCases.TC_003_LoginDDT - *** Finished TC_003_LoginDDT******
08:24:08.692 [main] INFO  testCases.TC_003_LoginDDT - *** Starting TC_003_LoginDDT******
08:24:19.983 [main] INFO  testCases.TC_003_LoginDDT - *** Finished TC_003_LoginDDT******
08:24:19.983 [main] INFO  testCases.TC_003_LoginDDT - *** Starting TC_003_LoginDDT******
08:24:31.120 [main] INFO  testCases.TC_003_LoginDDT - *** Finished TC_003_LoginDDT******
08:24:31.136 [main] INFO  testCases.TC_003_LoginDDT - *** Starting TC_003_LoginDDT******
08:24:32.883 [main] INFO  testCases.TC_003_LoginDDT - *** Finished TC_003_LoginDDT******
07:18:55.264 [main] INFO  testCases.TC_002_LoginTest - **** Starting TC_OO2_LoginTest *****
07:18:55.577 [main] INFO  testCases.TC_002_LoginTest - Clicked on My Account
07:18:56.283 [main] INFO  testCases.TC_002_LoginTest - Clicked on Login Link
07:18:56.290 [main] INFO  testCases.TC_002_LoginTest - Providing login details
07:18:57.316 [main] INFO  testCases.TC_002_LoginTest - clicked on Login button
07:18:57.431 [main] INFO  testCases.TC_002_LoginTest - **** Finished TC_002_LoginTest *****
07:20:23.431 [main] INFO  testCases.TC_001_AccountRegistrationTest - ***  Starting TC_001_AccountRegistrationTest ***
07:20:23.665 [main] INFO  testCases.TC_001_AccountRegistrationTest - Clicked on My account link
07:20:24.460 [main] INFO  testCases.TC_001_AccountRegistrationTest - Clicked on register link
07:20:24.467 [main] INFO  testCases.TC_001_AccountRegistrationTest - Providing customer data
07:20:28.361 [main] INFO  testCases.TC_001_AccountRegistrationTest - Clicked on continue
07:20:28.432 [main] INFO  testCases.TC_001_AccountRegistrationTest - Validating expected message
07:20:28.435 [main] INFO  testCases.TC_001_AccountRegistrationTest - ***  Finished TC_001_AccountRegistrationTest ***
07:20:31.288 [main] INFO  testCases.TC_002_LoginTest - **** Starting TC_OO2_LoginTest *****
07:20:31.553 [main] INFO  testCases.TC_002_LoginTest - Clicked on My Account
07:20:32.068 [main] INFO  testCases.TC_002_LoginTest - Clicked on Login Link
07:20:32.078 [main] INFO  testCases.TC_002_LoginTest - Providing login details
07:20:33.010 [main] INFO  testCases.TC_002_LoginTest - clicked on Login button
07:20:33.103 [main] INFO  testCases.TC_002_LoginTest - **** Finished TC_002_LoginTest *****
07:21:13.374 [main] INFO  testCases.TC_002_LoginTest - **** Starting TC_OO2_LoginTest *****
07:21:13.568 [main] INFO  testCases.TC_002_LoginTest - Clicked on My Account
07:21:13.967 [main] INFO  testCases.TC_002_LoginTest - Clicked on Login Link
07:21:13.970 [main] INFO  testCases.TC_002_LoginTest - Providing login details
07:21:14.820 [main] INFO  testCases.TC_002_LoginTest - clicked on Login button
07:21:14.907 [main] INFO  testCases.TC_002_LoginTest - **** Finished TC_002_LoginTest *****
07:26:35.955 [main] INFO  testCases.TC_001_AccountRegistrationTest - ***  Starting TC_001_AccountRegistrationTest ***
07:26:36.132 [main] INFO  testCases.TC_001_AccountRegistrationTest - Clicked on My account link
07:26:36.755 [main] INFO  testCases.TC_001_AccountRegistrationTest - Clicked on register link
07:26:36.760 [main] INFO  testCases.TC_001_AccountRegistrationTest - Providing customer data
07:26:40.433 [main] INFO  testCases.TC_001_AccountRegistrationTest - Clicked on continue
07:26:40.496 [main] INFO  testCases.TC_001_AccountRegistrationTest - Validating expected message
07:26:44.171 [main] INFO  testCases.TC_002_LoginTest - **** Starting TC_OO2_LoginTest *****
07:26:44.343 [main] INFO  testCases.TC_002_LoginTest - Clicked on My Account
07:26:44.782 [main] INFO  testCases.TC_002_LoginTest - Clicked on Login Link
07:26:44.791 [main] INFO  testCases.TC_002_LoginTest - Providing login details
07:26:45.671 [main] INFO  testCases.TC_002_LoginTest - clicked on Login button
07:26:45.756 [main] INFO  testCases.TC_002_LoginTest - **** Finished TC_002_LoginTest *****
07:28:11.087 [main] INFO  testCases.TC_001_AccountRegistrationTest - ***  Starting TC_001_AccountRegistrationTest ***
07:28:11.277 [main] INFO  testCases.TC_001_AccountRegistrationTest - Clicked on My account link
07:28:11.828 [main] INFO  testCases.TC_001_AccountRegistrationTest - Clicked on register link
07:28:11.834 [main] INFO  testCases.TC_001_AccountRegistrationTest - Providing customer data
07:28:15.499 [main] INFO  testCases.TC_001_AccountRegistrationTest - Clicked on continue
07:28:15.581 [main] INFO  testCases.TC_001_AccountRegistrationTest - Validating expected message
07:28:15.585 [main] INFO  testCases.TC_001_AccountRegistrationTest - ***  Finished TC_001_AccountRegistrationTest ***
07:30:09.904 [main] INFO  testCases.TC_001_AccountRegistrationTest - ***  Starting TC_001_AccountRegistrationTest ***
07:30:10.089 [main] INFO  testCases.TC_001_AccountRegistrationTest - Clicked on My account link
07:30:10.687 [main] INFO  testCases.TC_001_AccountRegistrationTest - Clicked on register link
07:30:10.697 [main] INFO  testCases.TC_001_AccountRegistrationTest - Providing customer data
07:30:14.353 [main] INFO  testCases.TC_001_AccountRegistrationTest - Clicked on continue
07:30:14.416 [main] INFO  testCases.TC_001_AccountRegistrationTest - Validating expected message
07:30:14.419 [main] INFO  testCases.TC_001_AccountRegistrationTest - ***  Finished TC_001_AccountRegistrationTest ***
07:30:16.507 [main] INFO  testCases.TC_002_LoginTest - **** Starting TC_OO2_LoginTest *****
07:30:16.668 [main] INFO  testCases.TC_002_LoginTest - Clicked on My Account
07:30:17.070 [main] INFO  testCases.TC_002_LoginTest - Clicked on Login Link
07:30:17.078 [main] INFO  testCases.TC_002_LoginTest - Providing login details
07:30:17.797 [main] INFO  testCases.TC_002_LoginTest - clicked on Login button
07:31:25.943 [main] INFO  testCases.TC_002_LoginTest - **** Starting TC_OO2_LoginTest *****
07:31:26.250 [main] INFO  testCases.TC_002_LoginTest - Clicked on My Account
07:31:26.665 [main] INFO  testCases.TC_002_LoginTest - Clicked on Login Link
07:31:26.669 [main] INFO  testCases.TC_002_LoginTest - Providing login details
07:31:27.551 [main] INFO  testCases.TC_002_LoginTest - clicked on Login button
07:31:27.635 [main] INFO  testCases.TC_002_LoginTest - **** Finished TC_002_LoginTest *****
07:37:31.789 [main] INFO  testCases.TC_001_AccountRegistrationTest - ***  Starting TC_001_AccountRegistrationTest ***
07:37:32.080 [main] INFO  testCases.TC_001_AccountRegistrationTest - Clicked on My account link
07:37:32.698 [main] INFO  testCases.TC_001_AccountRegistrationTest - Clicked on register link
07:37:32.707 [main] INFO  testCases.TC_001_AccountRegistrationTest - Providing customer data
07:37:36.360 [main] INFO  testCases.TC_001_AccountRegistrationTest - Clicked on continue
07:37:36.420 [main] INFO  testCases.TC_001_AccountRegistrationTest - Validating expected message
07:37:40.971 [main] INFO  testCases.TC_002_LoginTest - **** Starting TC_OO2_LoginTest *****
07:37:41.166 [main] INFO  testCases.TC_002_LoginTest - Clicked on My Account
07:37:41.711 [main] INFO  testCases.TC_002_LoginTest - Clicked on Login Link
07:37:41.719 [main] INFO  testCases.TC_002_LoginTest - Providing login details
07:37:42.444 [main] INFO  testCases.TC_002_LoginTest - clicked on Login button
07:39:27.114 [main] INFO  testCases.TC_002_LoginTest - **** Starting TC_OO2_LoginTest *****
07:39:27.289 [main] INFO  testCases.TC_002_LoginTest - Clicked on My Account
07:39:27.690 [main] INFO  testCases.TC_002_LoginTest - Clicked on Login Link
07:39:27.695 [main] INFO  testCases.TC_002_LoginTest - Providing login details
07:39:28.585 [main] INFO  testCases.TC_002_LoginTest - clicked on Login button
07:39:28.676 [main] INFO  testCases.TC_002_LoginTest - **** Finished TC_002_LoginTest *****
07:39:30.952 [main] INFO  testCases.TC_001_AccountRegistrationTest - ***  Starting TC_001_AccountRegistrationTest ***
07:39:31.115 [main] INFO  testCases.TC_001_AccountRegistrationTest - Clicked on My account link
07:39:31.703 [main] INFO  testCases.TC_001_AccountRegistrationTest - Clicked on register link
07:39:31.713 [main] INFO  testCases.TC_001_AccountRegistrationTest - Providing customer data
07:39:35.283 [main] INFO  testCases.TC_001_AccountRegistrationTest - Clicked on continue
07:39:35.343 [main] INFO  testCases.TC_001_AccountRegistrationTest - Validating expected message
07:39:35.343 [main] INFO  testCases.TC_001_AccountRegistrationTest - ***  Finished TC_001_AccountRegistrationTest ***
10:07:04.529 [main] INFO  testCases.TC_001_AccountRegistrationTest - ***  Starting TC_001_AccountRegistrationTest ***
10:07:04.877 [main] INFO  testCases.TC_001_AccountRegistrationTest - Clicked on My account link
10:07:05.533 [main] INFO  testCases.TC_001_AccountRegistrationTest - Clicked on register link
10:07:05.539 [main] INFO  testCases.TC_001_AccountRegistrationTest - Providing customer data
10:07:09.137 [main] INFO  testCases.TC_001_AccountRegistrationTest - Clicked on continue
10:07:09.198 [main] INFO  testCases.TC_001_AccountRegistrationTest - Validating expected message
10:07:09.202 [main] INFO  testCases.TC_001_AccountRegistrationTest - ***  Finished TC_001_AccountRegistrationTest ***
10:07:11.433 [main] INFO  testCases.TC_002_LoginTest - **** Starting TC_OO2_LoginTest *****
10:07:11.584 [main] INFO  testCases.TC_002_LoginTest - Clicked on My Account
10:07:12.002 [main] INFO  testCases.TC_002_LoginTest - Clicked on Login Link
10:07:12.008 [main] INFO  testCases.TC_002_LoginTest - Providing login details
10:07:12.771 [main] INFO  testCases.TC_002_LoginTest - clicked on Login button
10:07:12.854 [main] INFO  testCases.TC_002_LoginTest - **** Finished TC_002_LoginTest *****
10:08:19.849 [main] INFO  testCases.TC_001_AccountRegistrationTest - ***  Starting TC_001_AccountRegistrationTest ***
10:08:20.082 [main] INFO  testCases.TC_001_AccountRegistrationTest - Clicked on My account link
10:08:20.685 [main] INFO  testCases.TC_001_AccountRegistrationTest - Clicked on register link
10:08:20.690 [main] INFO  testCases.TC_001_AccountRegistrationTest - Providing customer data
10:08:24.172 [main] INFO  testCases.TC_001_AccountRegistrationTest - Clicked on continue
10:08:24.233 [main] INFO  testCases.TC_001_AccountRegistrationTest - Validating expected message
10:08:24.236 [main] INFO  testCases.TC_001_AccountRegistrationTest - ***  Finished TC_001_AccountRegistrationTest ***
10:08:27.445 [main] INFO  testCases.TC_002_LoginTest - **** Starting TC_OO2_LoginTest *****
10:08:27.605 [main] INFO  testCases.TC_002_LoginTest - Clicked on My Account
10:08:28.009 [main] INFO  testCases.TC_002_LoginTest - Clicked on Login Link
10:08:28.016 [main] INFO  testCases.TC_002_LoginTest - Providing login details
10:08:28.797 [main] INFO  testCases.TC_002_LoginTest - clicked on Login button
10:08:28.885 [main] INFO  testCases.TC_002_LoginTest - **** Finished TC_002_LoginTest *****
07:17:51.036 [main] INFO  testCases.TC_001_AccountRegistrationTest - ***  Starting TC_001_AccountRegistrationTest ***
07:17:51.462 [main] INFO  testCases.TC_001_AccountRegistrationTest - Clicked on My account link
07:17:52.252 [main] INFO  testCases.TC_001_AccountRegistrationTest - Clicked on register link
07:17:52.259 [main] INFO  testCases.TC_001_AccountRegistrationTest - Providing customer data
07:17:56.106 [main] INFO  testCases.TC_001_AccountRegistrationTest - Clicked on continue
07:17:56.182 [main] INFO  testCases.TC_001_AccountRegistrationTest - Validating expected message
07:17:56.188 [main] INFO  testCases.TC_001_AccountRegistrationTest - ***  Finished TC_001_AccountRegistrationTest ***
07:17:58.659 [main] INFO  testCases.TC_002_LoginTest - **** Starting TC_OO2_LoginTest *****
07:17:58.996 [main] INFO  testCases.TC_002_LoginTest - Clicked on My Account
07:17:59.644 [main] INFO  testCases.TC_002_LoginTest - Clicked on Login Link
07:17:59.654 [main] INFO  testCases.TC_002_LoginTest - Providing login details
07:18:00.783 [main] INFO  testCases.TC_002_LoginTest - clicked on Login button
07:18:00.869 [main] INFO  testCases.TC_002_LoginTest - **** Finished TC_002_LoginTest *****
07:35:50.585 [main] INFO  testCases.TC_001_AccountRegistrationTest - ***  Starting TC_001_AccountRegistrationTest ***
07:35:50.815 [main] INFO  testCases.TC_001_AccountRegistrationTest - Clicked on My account link
07:35:51.433 [main] INFO  testCases.TC_001_AccountRegistrationTest - Clicked on register link
07:35:51.444 [main] INFO  testCases.TC_001_AccountRegistrationTest - Providing customer data
07:35:55.210 [main] INFO  testCases.TC_001_AccountRegistrationTest - Clicked on continue
07:35:55.271 [main] INFO  testCases.TC_001_AccountRegistrationTest - Validating expected message
07:35:55.271 [main] INFO  testCases.TC_001_AccountRegistrationTest - ***  Finished TC_001_AccountRegistrationTest ***
07:35:58.400 [main] INFO  testCases.TC_002_LoginTest - **** Starting TC_OO2_LoginTest *****
07:35:58.608 [main] INFO  testCases.TC_002_LoginTest - Clicked on My Account
07:35:59.148 [main] INFO  testCases.TC_002_LoginTest - Clicked on Login Link
07:35:59.159 [main] INFO  testCases.TC_002_LoginTest - Providing login details
07:36:00.047 [main] INFO  testCases.TC_002_LoginTest - clicked on Login button
07:36:00.136 [main] INFO  testCases.TC_002_LoginTest - **** Finished TC_002_LoginTest *****
07:39:53.443 [main] INFO  testCases.TC_001_AccountRegistrationTest - ***  Starting TC_001_AccountRegistrationTest ***
07:39:53.647 [main] INFO  testCases.TC_001_AccountRegistrationTest - Clicked on My account link
07:39:54.189 [main] INFO  testCases.TC_001_AccountRegistrationTest - Clicked on register link
07:39:54.195 [main] INFO  testCases.TC_001_AccountRegistrationTest - Providing customer data
07:39:57.833 [main] INFO  testCases.TC_001_AccountRegistrationTest - Clicked on continue
07:39:57.892 [main] INFO  testCases.TC_001_AccountRegistrationTest - Validating expected message
07:39:57.892 [main] INFO  testCases.TC_001_AccountRegistrationTest - ***  Finished TC_001_AccountRegistrationTest ***
07:40:00.995 [main] INFO  testCases.TC_002_LoginTest - **** Starting TC_OO2_LoginTest *****
07:40:01.135 [main] INFO  testCases.TC_002_LoginTest - Clicked on My Account
07:40:01.566 [main] INFO  testCases.TC_002_LoginTest - Clicked on Login Link
07:40:01.575 [main] INFO  testCases.TC_002_LoginTest - Providing login details
07:40:02.422 [main] INFO  testCases.TC_002_LoginTest - clicked on Login button
07:40:02.511 [main] INFO  testCases.TC_002_LoginTest - **** Finished TC_002_LoginTest *****
07:54:32.079 [main] INFO  testCases.TC_001_AccountRegistrationTest - ***  Starting TC_001_AccountRegistrationTest ***
07:54:32.390 [main] INFO  testCases.TC_001_AccountRegistrationTest - Clicked on My account link
07:54:33.074 [main] INFO  testCases.TC_001_AccountRegistrationTest - Clicked on register link
07:54:33.082 [main] INFO  testCases.TC_001_AccountRegistrationTest - Providing customer data
07:54:37.177 [main] INFO  testCases.TC_001_AccountRegistrationTest - Clicked on continue
07:54:37.253 [main] INFO  testCases.TC_001_AccountRegistrationTest - Validating expected message
07:54:37.253 [main] INFO  testCases.TC_001_AccountRegistrationTest - ***  Finished TC_001_AccountRegistrationTest ***
07:54:40.991 [main] INFO  testCases.TC_002_LoginTest - **** Starting TC_OO2_LoginTest *****
07:54:41.216 [main] INFO  testCases.TC_002_LoginTest - Clicked on My Account
07:54:41.829 [main] INFO  testCases.TC_002_LoginTest - Clicked on Login Link
07:54:41.840 [main] INFO  testCases.TC_002_LoginTest - Providing login details
07:54:42.813 [main] INFO  testCases.TC_002_LoginTest - clicked on Login button
07:54:42.915 [main] INFO  testCases.TC_002_LoginTest - **** Finished TC_002_LoginTest *****
07:58:37.336 [main] INFO  testCases.TC_001_AccountRegistrationTest - ***  Starting TC_001_AccountRegistrationTest ***
07:58:37.625 [main] INFO  testCases.TC_001_AccountRegistrationTest - Clicked on My account link
07:58:38.379 [main] INFO  testCases.TC_001_AccountRegistrationTest - Clicked on register link
07:58:38.387 [main] INFO  testCases.TC_001_AccountRegistrationTest - Providing customer data
07:58:42.130 [main] INFO  testCases.TC_001_AccountRegistrationTest - Clicked on continue
07:58:42.199 [main] INFO  testCases.TC_001_AccountRegistrationTest - Validating expected message
07:58:42.204 [main] INFO  testCases.TC_001_AccountRegistrationTest - ***  Finished TC_001_AccountRegistrationTest ***
07:58:46.737 [main] INFO  testCases.TC_002_LoginTest - **** Starting TC_OO2_LoginTest *****
07:58:47.009 [main] INFO  testCases.TC_002_LoginTest - Clicked on My Account
07:58:47.666 [main] INFO  testCases.TC_002_LoginTest - Clicked on Login Link
07:58:47.675 [main] INFO  testCases.TC_002_LoginTest - Providing login details
07:58:48.694 [main] INFO  testCases.TC_002_LoginTest - clicked on Login button
07:58:48.798 [main] INFO  testCases.TC_002_LoginTest - **** Finished TC_002_LoginTest *****
10:24:09.887 [main] INFO  testCases.TC_001_AccountRegistrationTest - ***  Starting TC_001_AccountRegistrationTest ***
10:24:10.098 [main] INFO  testCases.TC_001_AccountRegistrationTest - Clicked on My account link
10:24:10.744 [main] INFO  testCases.TC_001_AccountRegistrationTest - Clicked on register link
10:24:10.754 [main] INFO  testCases.TC_001_AccountRegistrationTest - Providing customer data
10:24:14.404 [main] INFO  testCases.TC_001_AccountRegistrationTest - Clicked on continue
10:24:14.466 [main] INFO  testCases.TC_001_AccountRegistrationTest - Validating expected message
10:24:14.469 [main] INFO  testCases.TC_001_AccountRegistrationTest - ***  Finished TC_001_AccountRegistrationTest ***
10:24:16.557 [main] INFO  testCases.TC_002_LoginTest - **** Starting TC_OO2_LoginTest *****
10:24:16.724 [main] INFO  testCases.TC_002_LoginTest - Clicked on My Account
10:24:17.189 [main] INFO  testCases.TC_002_LoginTest - Clicked on Login Link
10:24:17.197 [main] INFO  testCases.TC_002_LoginTest - Providing login details
10:24:17.969 [main] INFO  testCases.TC_002_LoginTest - clicked on Login button
10:24:18.046 [main] INFO  testCases.TC_002_LoginTest - **** Finished TC_002_LoginTest *****
10:24:20.032 [main] INFO  testCases.TC_004_SearchProductTest -  Starting TC_004_SearchProductTest 
10:24:21.072 [main] INFO  testCases.TC_004_SearchProductTest -  Finished TC_004_SearchProductTest 
10:24:23.137 [main] INFO  testCases.TC_005_AddToCartPageTest -  Starting TC_005_AddToCartPageTest 
10:24:25.664 [main] INFO  testCases.TC_005_AddToCartPageTest -  Finished TC_004_SearchProductTest 
11:46:34.739 [main] INFO  testCases.TC_001_AccountRegistrationTest - ***  Starting TC_001_AccountRegistrationTest ***
11:46:34.828 [main] INFO  testCases.TC_001_AccountRegistrationTest - Clicked on My account link
11:46:35.299 [main] INFO  testCases.TC_001_AccountRegistrationTest - Clicked on register link
11:46:35.300 [main] INFO  testCases.TC_001_AccountRegistrationTest - Providing customer data
11:46:45.646 [main] ERROR testCases.TC_001_AccountRegistrationTest - test failed
11:47:21.793 [main] INFO  testCases.TC_001_AccountRegistrationTest - ***  Starting TC_001_AccountRegistrationTest ***
11:47:21.899 [main] INFO  testCases.TC_001_AccountRegistrationTest - Clicked on My account link
11:47:22.353 [main] INFO  testCases.TC_001_AccountRegistrationTest - Clicked on register link
11:47:22.356 [main] INFO  testCases.TC_001_AccountRegistrationTest - Providing customer data
11:47:32.677 [main] ERROR testCases.TC_001_AccountRegistrationTest - test failed
11:47:35.450 [main] INFO  testCases.TC_002_LoginTest - **** Starting TC_OO2_LoginTest *****
11:47:35.523 [main] INFO  testCases.TC_002_LoginTest - Clicked on My Account
11:47:35.860 [main] INFO  testCases.TC_002_LoginTest - Clicked on Login Link
11:47:35.862 [main] INFO  testCases.TC_002_LoginTest - Providing login details
11:47:48.933 [main] INFO  testCases.TC_004_SearchProductTest -  Starting TC_004_SearchProductTest 
11:48:13.736 [main] INFO  testCases.TC_005_AddToCartPageTest -  Starting TC_005_AddToCartPageTest 
11:50:16.669 [main] INFO  testCases.TC_001_AccountRegistrationTest - ***  Starting TC_001_AccountRegistrationTest ***
11:50:16.759 [main] INFO  testCases.TC_001_AccountRegistrationTest - Clicked on My account link
11:50:17.161 [main] INFO  testCases.TC_001_AccountRegistrationTest - Clicked on register link
11:50:17.162 [main] INFO  testCases.TC_001_AccountRegistrationTest - Providing customer data
11:50:27.484 [main] ERROR testCases.TC_001_AccountRegistrationTest - test failed
11:50:30.180 [main] INFO  testCases.TC_002_LoginTest - **** Starting TC_OO2_LoginTest *****
11:50:30.244 [main] INFO  testCases.TC_002_LoginTest - Clicked on My Account
11:50:30.618 [main] INFO  testCases.TC_002_LoginTest - Clicked on Login Link
11:50:30.619 [main] INFO  testCases.TC_002_LoginTest - Providing login details
11:50:43.815 [main] INFO  testCases.TC_004_SearchProductTest -  Starting TC_004_SearchProductTest 
11:51:08.296 [main] INFO  testCases.TC_005_AddToCartPageTest -  Starting TC_005_AddToCartPageTest 
12:24:43.832 [main] INFO  testCases.TC_001_AccountRegistrationTest - ***  Starting TC_001_AccountRegistrationTest ***
12:24:43.938 [main] INFO  testCases.TC_001_AccountRegistrationTest - Clicked on My account link
12:24:44.366 [main] INFO  testCases.TC_001_AccountRegistrationTest - Clicked on register link
12:24:44.368 [main] INFO  testCases.TC_001_AccountRegistrationTest - Providing customer data
12:24:54.699 [main] ERROR testCases.TC_001_AccountRegistrationTest - test failed
12:24:57.545 [main] INFO  testCases.TC_002_LoginTest - **** Starting TC_OO2_LoginTest *****
12:24:57.634 [main] INFO  testCases.TC_002_LoginTest - Clicked on My Account
12:24:58.051 [main] INFO  testCases.TC_002_LoginTest - Clicked on Login Link
12:24:58.052 [main] INFO  testCases.TC_002_LoginTest - Providing login details
12:25:16.588 [main] INFO  testCases.TC_004_SearchProductTest -  Starting TC_004_SearchProductTest 
12:26:44.471 [main] INFO  testCases.TC_001_AccountRegistrationTest - ***  Starting TC_001_AccountRegistrationTest ***
12:26:44.550 [main] INFO  testCases.TC_001_AccountRegistrationTest - Clicked on My account link
12:26:45.001 [main] INFO  testCases.TC_001_AccountRegistrationTest - Clicked on register link
12:26:45.003 [main] INFO  testCases.TC_001_AccountRegistrationTest - Providing customer data
12:26:55.341 [main] ERROR testCases.TC_001_AccountRegistrationTest - test failed
12:26:58.284 [main] INFO  testCases.TC_002_LoginTest - **** Starting TC_OO2_LoginTest *****
12:26:58.372 [main] INFO  testCases.TC_002_LoginTest - Clicked on My Account
12:26:58.730 [main] INFO  testCases.TC_002_LoginTest - Clicked on Login Link
12:26:58.733 [main] INFO  testCases.TC_002_LoginTest - Providing login details
12:31:09.287 [main] INFO  testCases.TC_001_AccountRegistrationTest - ***  Starting TC_001_AccountRegistrationTest ***
12:31:09.388 [main] INFO  testCases.TC_001_AccountRegistrationTest - Clicked on My account link
12:31:09.778 [main] INFO  testCases.TC_001_AccountRegistrationTest - Clicked on register link
12:31:09.779 [main] INFO  testCases.TC_001_AccountRegistrationTest - Providing customer data
12:31:20.075 [main] ERROR testCases.TC_001_AccountRegistrationTest - test failed
12:31:22.787 [main] INFO  testCases.TC_002_LoginTest - **** Starting TC_OO2_LoginTest *****
12:31:22.862 [main] INFO  testCases.TC_002_LoginTest - Clicked on My Account
12:31:23.193 [main] INFO  testCases.TC_002_LoginTest - Clicked on Login Link
12:31:23.194 [main] INFO  testCases.TC_002_LoginTest - Providing login details
12:36:47.795 [main] INFO  testCases.TC_001_AccountRegistrationTest - ***  Starting TC_001_AccountRegistrationTest ***
12:36:47.875 [main] INFO  testCases.TC_001_AccountRegistrationTest - Clicked on My account link
12:36:48.361 [main] INFO  testCases.TC_001_AccountRegistrationTest - Clicked on register link
12:36:48.363 [main] INFO  testCases.TC_001_AccountRegistrationTest - Providing customer data
12:36:58.695 [main] ERROR testCases.TC_001_AccountRegistrationTest - test failed
12:37:01.269 [main] INFO  testCases.TC_002_LoginTest - **** Starting TC_OO2_LoginTest *****
12:37:01.348 [main] INFO  testCases.TC_002_LoginTest - Clicked on My Account
12:37:01.678 [main] INFO  testCases.TC_002_LoginTest - Clicked on Login Link
12:37:01.679 [main] INFO  testCases.TC_002_LoginTest - Providing login details
12:42:21.911 [main] INFO  testCases.TC_001_AccountRegistrationTest - ***  Starting TC_001_AccountRegistrationTest ***
12:42:22.005 [main] INFO  testCases.TC_001_AccountRegistrationTest - Clicked on My account link
12:42:22.432 [main] INFO  testCases.TC_001_AccountRegistrationTest - Clicked on register link
12:42:22.434 [main] INFO  testCases.TC_001_AccountRegistrationTest - Providing customer data
12:42:32.727 [main] ERROR testCases.TC_001_AccountRegistrationTest - test failed
12:42:35.546 [main] INFO  testCases.TC_002_LoginTest - **** Starting TC_OO2_LoginTest *****
12:42:35.610 [main] INFO  testCases.TC_002_LoginTest - Clicked on My Account
12:42:36.081 [main] INFO  testCases.TC_002_LoginTest - Clicked on Login Link
12:42:36.083 [main] INFO  testCases.TC_002_LoginTest - Providing login details
12:46:52.891 [main] INFO  testCases.TC_001_AccountRegistrationTest - ***  Starting TC_001_AccountRegistrationTest ***
12:46:52.973 [main] INFO  testCases.TC_001_AccountRegistrationTest - Clicked on My account link
12:46:53.551 [main] INFO  testCases.TC_001_AccountRegistrationTest - Clicked on register link
12:46:53.555 [main] INFO  testCases.TC_001_AccountRegistrationTest - Providing customer data
12:46:55.038 [main] ERROR testCases.TC_001_AccountRegistrationTest - test failed
12:46:58.041 [main] INFO  testCases.TC_002_LoginTest - **** Starting TC_OO2_LoginTest *****
12:46:58.130 [main] INFO  testCases.TC_002_LoginTest - Clicked on My Account
12:46:58.452 [main] INFO  testCases.TC_002_LoginTest - Clicked on Login Link
12:46:58.454 [main] INFO  testCases.TC_002_LoginTest - Providing login details
12:47:11.500 [main] INFO  testCases.TC_004_SearchProductTest -  Starting TC_004_SearchProductTest 
12:49:43.495 [main] INFO  testCases.TC_001_AccountRegistrationTest - ***  Starting TC_001_AccountRegistrationTest ***
12:49:43.578 [main] INFO  testCases.TC_001_AccountRegistrationTest - Clicked on My account link
12:49:44.021 [main] INFO  testCases.TC_001_AccountRegistrationTest - Clicked on register link
12:49:44.024 [main] INFO  testCases.TC_001_AccountRegistrationTest - Providing customer data
12:49:45.483 [main] ERROR testCases.TC_001_AccountRegistrationTest - test failed
12:49:47.893 [main] INFO  testCases.TC_002_LoginTest - **** Starting TC_OO2_LoginTest *****
12:49:47.969 [main] INFO  testCases.TC_002_LoginTest - Clicked on My Account
12:49:48.317 [main] INFO  testCases.TC_002_LoginTest - Clicked on Login Link
12:49:48.318 [main] INFO  testCases.TC_002_LoginTest - Providing login details
12:49:48.606 [main] INFO  testCases.TC_002_LoginTest - clicked on Login button
12:50:01.157 [main] INFO  testCases.TC_004_SearchProductTest -  Starting TC_004_SearchProductTest 
12:50:25.393 [main] INFO  testCases.TC_005_AddToCartPageTest -  Starting TC_005_AddToCartPageTest 
13:57:33.672 [main] INFO  testCases.TC_001_AccountRegistrationTest - ***  Starting TC_001_AccountRegistrationTest ***
13:57:33.774 [main] INFO  testCases.TC_001_AccountRegistrationTest - Clicked on My account link
13:57:34.230 [main] INFO  testCases.TC_001_AccountRegistrationTest - Clicked on register link
13:57:34.232 [main] INFO  testCases.TC_001_AccountRegistrationTest - Providing customer data
13:57:35.694 [main] ERROR testCases.TC_001_AccountRegistrationTest - test failed
13:57:38.798 [main] INFO  testCases.TC_002_LoginTest - **** Starting TC_OO2_LoginTest *****
13:57:38.871 [main] INFO  testCases.TC_002_LoginTest - Clicked on My Account
13:57:39.250 [main] INFO  testCases.TC_002_LoginTest - Clicked on Login Link
13:57:39.253 [main] INFO  testCases.TC_002_LoginTest - Providing login details
13:57:39.573 [main] INFO  testCases.TC_002_LoginTest - clicked on Login button
13:57:52.371 [main] INFO  testCases.TC_004_SearchProductTest -  Starting TC_004_SearchProductTest 
13:58:16.822 [main] INFO  testCases.TC_005_AddToCartPageTest -  Starting TC_005_AddToCartPageTest 
